16:53:01 INFO  : Registering command handlers for SDK TCF services
16:53:02 INFO  : Launching XSCT server: xsct.bat -interactive C:\FPGA\MyS\Systems\system_vga\system_vga\system_vga.sdk\temp_xsdb_launch_script.tcl
16:53:06 INFO  : XSCT server has started successfully.
16:53:09 INFO  : Successfully done setting XSCT server connection channel  
16:53:09 INFO  : Successfully done setting SDK workspace  
16:53:09 INFO  : Processing command line option -hwspec C:/FPGA/MyS/Systems/system_vga/system_vga/system_vga.sdk/system_vga_wrapper.hdf.
17:09:28 INFO  : Connected to target on host '127.0.0.1' and port '3121'.
17:09:28 INFO  : 'targets -set -filter {jtag_cable_name =~ "Digilent Arty Z7 003017A6B68AA" && level==0} -index 1' command is executed.
17:09:29 INFO  : FPGA configured successfully with bitstream "C:/FPGA/MyS/Systems/system_vga/system_vga/system_vga.sdk/system_vga_wrapper_hw_platform_0/system_vga_wrapper.bit"
17:12:01 INFO  : Connected to target on host '127.0.0.1' and port '3121'.
17:12:01 INFO  : Jtag cable 'Digilent Arty Z7 003017A6B68AA' is selected.
17:12:01 INFO  : 'jtag frequency' command is executed.
17:12:01 INFO  : Sourcing of 'C:/FPGA/MyS/Systems/system_vga/system_vga/system_vga.sdk/system_vga_wrapper_hw_platform_0/ps7_init.tcl' is done.
17:12:01 INFO  : 'targets -set -filter {jtag_cable_name =~ "Digilent Arty Z7 003017A6B68AA" && level==0} -index 1' command is executed.
17:12:02 INFO  : FPGA configured successfully with bitstream "C:/FPGA/MyS/Systems/system_vga/system_vga/system_vga.sdk/system_vga_wrapper_hw_platform_0/system_vga_wrapper.bit"
17:12:02 INFO  : Context for 'APU' is selected.
17:12:02 INFO  : Hardware design information is loaded from 'C:/FPGA/MyS/Systems/system_vga/system_vga/system_vga.sdk/system_vga_wrapper_hw_platform_0/system.hdf'.
17:12:02 INFO  : 'configparams force-mem-access 1' command is executed.
17:12:02 INFO  : Context for 'APU' is selected.
17:12:02 INFO  : 'stop' command is executed.
17:12:03 INFO  : 'ps7_init' command is executed.
17:12:03 INFO  : 'configparams force-mem-access 0' command is executed.
17:12:03 INFO  : ----------------XSDB Script----------------
connect -url tcp:127.0.0.1:3121
source C:/FPGA/MyS/Systems/system_vga/system_vga/system_vga.sdk/system_vga_wrapper_hw_platform_0/ps7_init.tcl
targets -set -filter {jtag_cable_name =~ "Digilent Arty Z7 003017A6B68AA" && level==0} -index 1
fpga -file C:/FPGA/MyS/Systems/system_vga/system_vga/system_vga.sdk/system_vga_wrapper_hw_platform_0/system_vga_wrapper.bit
targets -set -nocase -filter {name =~"APU*" && jtag_cable_name =~ "Digilent Arty Z7 003017A6B68AA"} -index 0
loadhw -hw C:/FPGA/MyS/Systems/system_vga/system_vga/system_vga.sdk/system_vga_wrapper_hw_platform_0/system.hdf -mem-ranges [list {0x40000000 0xbfffffff}]
configparams force-mem-access 1
targets -set -nocase -filter {name =~"APU*" && jtag_cable_name =~ "Digilent Arty Z7 003017A6B68AA"} -index 0
stop
ps7_init
configparams force-mem-access 0
----------------End of Script----------------

17:12:03 INFO  : Disconnected from the channel tcfchan#1.
17:12:47 INFO  : 'targets -set -filter {jtag_cable_name =~ "Digilent Arty Z7 003017A6B68AA" && level==0} -index 1' command is executed.
17:12:47 INFO  : 'fpga -state' command is executed.
17:12:47 INFO  : Connected to target on host '127.0.0.1' and port '3121'.
17:12:48 INFO  : Jtag cable 'Digilent Arty Z7 003017A6B68AA' is selected.
17:12:48 INFO  : 'jtag frequency' command is executed.
17:12:48 INFO  : Sourcing of 'C:/FPGA/MyS/Systems/system_vga/system_vga/system_vga.sdk/system_vga_wrapper_hw_platform_0/ps7_init.tcl' is done.
17:12:48 INFO  : Context for 'APU' is selected.
17:12:50 INFO  : Hardware design information is loaded from 'C:/FPGA/MyS/Systems/system_vga/system_vga/system_vga.sdk/system_vga_wrapper_hw_platform_0/system.hdf'.
17:12:50 INFO  : 'configparams force-mem-access 1' command is executed.
17:12:50 INFO  : Context for 'APU' is selected.
17:12:50 INFO  : 'stop' command is executed.
17:12:51 INFO  : 'ps7_init' command is executed.
17:12:51 INFO  : 'ps7_post_config' command is executed.
17:12:51 INFO  : Context for processor 'ps7_cortexa9_0' is selected.
17:12:51 INFO  : Processor reset is completed for 'ps7_cortexa9_0'.
17:12:51 INFO  : Context for processor 'ps7_cortexa9_0' is selected.
17:12:51 INFO  : The application 'C:/FPGA/MyS/Systems/system_vga/system_vga/system_vga.sdk/vga/Debug/vga.elf' is downloaded to processor 'ps7_cortexa9_0'.
17:12:51 INFO  : 'configparams force-mem-access 0' command is executed.
17:12:51 INFO  : ----------------XSDB Script----------------
connect -url tcp:127.0.0.1:3121
source C:/FPGA/MyS/Systems/system_vga/system_vga/system_vga.sdk/system_vga_wrapper_hw_platform_0/ps7_init.tcl
targets -set -nocase -filter {name =~"APU*" && jtag_cable_name =~ "Digilent Arty Z7 003017A6B68AA"} -index 0
loadhw -hw C:/FPGA/MyS/Systems/system_vga/system_vga/system_vga.sdk/system_vga_wrapper_hw_platform_0/system.hdf -mem-ranges [list {0x40000000 0xbfffffff}]
configparams force-mem-access 1
targets -set -nocase -filter {name =~"APU*" && jtag_cable_name =~ "Digilent Arty Z7 003017A6B68AA"} -index 0
stop
ps7_init
ps7_post_config
targets -set -nocase -filter {name =~ "ARM*#0" && jtag_cable_name =~ "Digilent Arty Z7 003017A6B68AA"} -index 0
rst -processor
targets -set -nocase -filter {name =~ "ARM*#0" && jtag_cable_name =~ "Digilent Arty Z7 003017A6B68AA"} -index 0
dow C:/FPGA/MyS/Systems/system_vga/system_vga/system_vga.sdk/vga/Debug/vga.elf
configparams force-mem-access 0
----------------End of Script----------------

17:12:51 INFO  : Memory regions updated for context APU
17:12:51 INFO  : Context for processor 'ps7_cortexa9_0' is selected.
17:12:51 INFO  : 'con' command is executed.
17:12:51 INFO  : ----------------XSDB Script (After Launch)----------------
targets -set -nocase -filter {name =~ "ARM*#0" && jtag_cable_name =~ "Digilent Arty Z7 003017A6B68AA"} -index 0
con
----------------End of Script----------------

17:12:51 INFO  : Launch script is exported to file 'C:\FPGA\MyS\Systems\system_vga\system_vga\system_vga.sdk\.sdk\launch_scripts\xilinx_c-c++_application_(system_debugger)\system_debugger_using_debug_vga.elf_on_local.tcl'
17:16:50 INFO  : Disconnected from the channel tcfchan#2.
17:18:08 INFO  : 'targets -set -filter {jtag_cable_name =~ "Digilent Arty Z7 003017A6B68AA" && level==0} -index 1' command is executed.
17:18:08 INFO  : 'fpga -state' command is executed.
17:18:08 INFO  : Connected to target on host '127.0.0.1' and port '3121'.
17:18:08 INFO  : Jtag cable 'Digilent Arty Z7 003017A6B68AA' is selected.
17:18:08 INFO  : 'jtag frequency' command is executed.
17:18:08 INFO  : Sourcing of 'C:/FPGA/MyS/Systems/system_vga/system_vga/system_vga.sdk/system_vga_wrapper_hw_platform_0/ps7_init.tcl' is done.
17:18:08 INFO  : Context for 'APU' is selected.
17:18:09 INFO  : Hardware design information is loaded from 'C:/FPGA/MyS/Systems/system_vga/system_vga/system_vga.sdk/system_vga_wrapper_hw_platform_0/system.hdf'.
17:18:09 INFO  : 'configparams force-mem-access 1' command is executed.
17:18:09 INFO  : Context for 'APU' is selected.
17:18:10 INFO  : 'stop' command is executed.
17:18:10 INFO  : 'ps7_init' command is executed.
17:18:10 INFO  : 'ps7_post_config' command is executed.
17:18:10 INFO  : Context for processor 'ps7_cortexa9_0' is selected.
17:18:10 INFO  : Processor reset is completed for 'ps7_cortexa9_0'.
17:18:10 INFO  : Context for processor 'ps7_cortexa9_0' is selected.
17:18:10 INFO  : The application 'C:/FPGA/MyS/Systems/system_vga/system_vga/system_vga.sdk/vga/Debug/vga.elf' is downloaded to processor 'ps7_cortexa9_0'.
17:18:10 INFO  : 'configparams force-mem-access 0' command is executed.
17:18:10 INFO  : ----------------XSDB Script----------------
connect -url tcp:127.0.0.1:3121
source C:/FPGA/MyS/Systems/system_vga/system_vga/system_vga.sdk/system_vga_wrapper_hw_platform_0/ps7_init.tcl
targets -set -nocase -filter {name =~"APU*" && jtag_cable_name =~ "Digilent Arty Z7 003017A6B68AA"} -index 0
loadhw -hw C:/FPGA/MyS/Systems/system_vga/system_vga/system_vga.sdk/system_vga_wrapper_hw_platform_0/system.hdf -mem-ranges [list {0x40000000 0xbfffffff}]
configparams force-mem-access 1
targets -set -nocase -filter {name =~"APU*" && jtag_cable_name =~ "Digilent Arty Z7 003017A6B68AA"} -index 0
stop
ps7_init
ps7_post_config
targets -set -nocase -filter {name =~ "ARM*#0" && jtag_cable_name =~ "Digilent Arty Z7 003017A6B68AA"} -index 0
rst -processor
targets -set -nocase -filter {name =~ "ARM*#0" && jtag_cable_name =~ "Digilent Arty Z7 003017A6B68AA"} -index 0
dow C:/FPGA/MyS/Systems/system_vga/system_vga/system_vga.sdk/vga/Debug/vga.elf
configparams force-mem-access 0
----------------End of Script----------------

17:18:10 INFO  : Memory regions updated for context APU
17:18:10 INFO  : Context for processor 'ps7_cortexa9_0' is selected.
17:18:10 INFO  : 'con' command is executed.
17:18:10 INFO  : ----------------XSDB Script (After Launch)----------------
targets -set -nocase -filter {name =~ "ARM*#0" && jtag_cable_name =~ "Digilent Arty Z7 003017A6B68AA"} -index 0
con
----------------End of Script----------------

17:18:10 INFO  : Launch script is exported to file 'C:\FPGA\MyS\Systems\system_vga\system_vga\system_vga.sdk\.sdk\launch_scripts\xilinx_c-c++_application_(system_debugger)\system_debugger_using_debug_vga.elf_on_local.tcl'
17:32:23 INFO  : Disconnected from the channel tcfchan#3.
17:37:44 INFO  : Registering command handlers for SDK TCF services
17:37:45 INFO  : Launching XSCT server: xsct.bat -interactive C:\FPGA\MyS\Systems\system_vga\system_vga\system_vga.sdk\temp_xsdb_launch_script.tcl
17:37:48 INFO  : XSCT server has started successfully.
17:37:48 INFO  : Successfully done setting XSCT server connection channel  
17:37:48 INFO  : Successfully done setting SDK workspace  
17:37:48 INFO  : Processing command line option -hwspec C:/FPGA/MyS/Systems/system_vga/system_vga/system_vga.sdk/system_vga_wrapper.hdf.
17:37:48 INFO  : Checking for hwspec changes in the project system_vga_wrapper_hw_platform_0.
17:38:10 INFO  : 'targets -set -filter {jtag_cable_name =~ "Digilent Arty Z7 003017A6B68AA" && level==0} -index 1' command is executed.
17:38:10 INFO  : 'fpga -state' command is executed.
17:38:10 INFO  : Connected to target on host '127.0.0.1' and port '3121'.
17:38:10 INFO  : Jtag cable 'Digilent Arty Z7 003017A6B68AA' is selected.
17:38:10 INFO  : 'jtag frequency' command is executed.
17:38:10 INFO  : Sourcing of 'C:/FPGA/MyS/Systems/system_vga/system_vga/system_vga.sdk/system_vga_wrapper_hw_platform_0/ps7_init.tcl' is done.
17:38:10 INFO  : Context for 'APU' is selected.
17:38:10 INFO  : Hardware design information is loaded from 'C:/FPGA/MyS/Systems/system_vga/system_vga/system_vga.sdk/system_vga_wrapper_hw_platform_0/system.hdf'.
17:38:10 INFO  : 'configparams force-mem-access 1' command is executed.
17:38:10 INFO  : Context for 'APU' is selected.
17:38:10 INFO  : 'stop' command is executed.
17:38:11 INFO  : 'ps7_init' command is executed.
17:38:11 INFO  : 'ps7_post_config' command is executed.
17:38:11 INFO  : Context for processor 'ps7_cortexa9_0' is selected.
17:38:11 INFO  : Processor reset is completed for 'ps7_cortexa9_0'.
17:38:11 INFO  : Context for processor 'ps7_cortexa9_0' is selected.
17:38:11 INFO  : The application 'C:/FPGA/MyS/Systems/system_vga/system_vga/system_vga.sdk/vga/Debug/vga.elf' is downloaded to processor 'ps7_cortexa9_0'.
17:38:11 INFO  : 'configparams force-mem-access 0' command is executed.
17:38:11 INFO  : ----------------XSDB Script----------------
connect -url tcp:127.0.0.1:3121
source C:/FPGA/MyS/Systems/system_vga/system_vga/system_vga.sdk/system_vga_wrapper_hw_platform_0/ps7_init.tcl
targets -set -nocase -filter {name =~"APU*" && jtag_cable_name =~ "Digilent Arty Z7 003017A6B68AA"} -index 0
loadhw -hw C:/FPGA/MyS/Systems/system_vga/system_vga/system_vga.sdk/system_vga_wrapper_hw_platform_0/system.hdf -mem-ranges [list {0x40000000 0xbfffffff}]
configparams force-mem-access 1
targets -set -nocase -filter {name =~"APU*" && jtag_cable_name =~ "Digilent Arty Z7 003017A6B68AA"} -index 0
stop
ps7_init
ps7_post_config
targets -set -nocase -filter {name =~ "ARM*#0" && jtag_cable_name =~ "Digilent Arty Z7 003017A6B68AA"} -index 0
rst -processor
targets -set -nocase -filter {name =~ "ARM*#0" && jtag_cable_name =~ "Digilent Arty Z7 003017A6B68AA"} -index 0
dow C:/FPGA/MyS/Systems/system_vga/system_vga/system_vga.sdk/vga/Debug/vga.elf
configparams force-mem-access 0
----------------End of Script----------------

17:38:11 INFO  : Memory regions updated for context APU
17:38:11 INFO  : Context for processor 'ps7_cortexa9_0' is selected.
17:38:11 INFO  : 'con' command is executed.
17:38:11 INFO  : ----------------XSDB Script (After Launch)----------------
targets -set -nocase -filter {name =~ "ARM*#0" && jtag_cable_name =~ "Digilent Arty Z7 003017A6B68AA"} -index 0
con
----------------End of Script----------------

17:38:11 INFO  : Launch script is exported to file 'C:\FPGA\MyS\Systems\system_vga\system_vga\system_vga.sdk\.sdk\launch_scripts\xilinx_c-c++_application_(system_debugger)\system_debugger_using_debug_vga.elf_on_local.tcl'
19:52:02 INFO  : Disconnected from the channel tcfchan#1.
